{
  "stats": {
    "suites": 0,
    "tests": 1,
    "passes": 1,
    "pending": 0,
    "failures": 0,
    "start": "2023-09-11T12:59:55.703Z",
    "end": "2023-09-11T13:00:04.643Z",
    "duration": 8940,
    "testsRegistered": 1,
    "passPercent": 100,
    "pendingPercent": 0,
    "other": 0,
    "hasOther": false,
    "skipped": 0,
    "hasSkipped": false
  },
  "results": [
    {
      "uuid": "8712a128-0622-40ed-aa59-424262884bbd",
      "title": "",
      "fullFile": "cypress\\e2e\\home.cy.js",
      "file": "cypress\\e2e\\home.cy.js",
      "beforeHooks": [],
      "afterHooks": [],
      "tests": [
        {
          "title": "Search For Flight",
          "fullTitle": "Search For Flight",
          "timedOut": null,
          "duration": 8836,
          "state": "passed",
          "speed": "medium",
          "pass": true,
          "fail": false,
          "pending": false,
          "context": null,
          "code": "cy.visit('https://www.magicviser.com/');\n/* ==== Generated with Cypress Studio ==== */\ncy.get(':nth-child(3) > :nth-child(1) > .RadioButton--class > .form-check-label').click();\ncy.get('#Multi-city').check();\ncy.get('.From--Cards > .rbt > div > .rbt-input-main').click();\ncy.get('.From--Cards > .rbt > [style=\"display: flex; flex: 1 1 0%; height: 100%; position: relative;\"] > .rbt-input-main').clear();\ncy.get('.From--Cards > .rbt > [style=\"display: flex; flex: 1 1 0%; height: 100%; position: relative;\"] > .rbt-input-main').type('mala');\ncy.get('#Dropdown1-item-3 > .rbt-highlight-text').click();\ncy.get('.SearchCard--Wrapper > :nth-child(2) > h3').click();\ncy.get('.SearchCard--Wrapper > :nth-child(2) > .rbt > div > .rbt-input-main').click();\ncy.get('.SearchCard--Wrapper > :nth-child(2) > .rbt > [style=\"display: flex; flex: 1 1 0%; height: 100%; position: relative;\"] > .rbt-input-main').clear();\ncy.get('.SearchCard--Wrapper > :nth-child(2) > .rbt > [style=\"display: flex; flex: 1 1 0%; height: 100%; position: relative;\"] > .rbt-input-main').type('viet');\ncy.get('#Dropdown1-item-0').click();\ncy.get(':nth-child(3) > .Departure--Text > h3').click();\ncy.get(':nth-child(32) > abbr').click();\ncy.get(':nth-child(4) > .Departure--Text > h3').click();\ncy.get(':nth-child(4) > .Departure--Text > h3').click();\ncy.get(':nth-child(33) > abbr').click();\ncy.get('#adults').click();\ncy.get('.MuiButtonBase-root').click();\n/* ==== End Cypress Studio ==== */",
          "err": {},
          "uuid": "482da860-1d05-4c3a-aa62-ee0627b06554",
          "parentUUID": "8712a128-0622-40ed-aa59-424262884bbd",
          "isHook": false,
          "skipped": false
        }
      ],
      "suites": [],
      "passes": [
        "482da860-1d05-4c3a-aa62-ee0627b06554"
      ],
      "failures": [],
      "pending": [],
      "skipped": [],
      "duration": 8836,
      "root": true,
      "rootEmpty": false,
      "_timeout": 2000
    }
  ],
  "meta": {
    "mocha": {
      "version": "7.0.1"
    },
    "mochawesome": {
      "options": {
        "quiet": false,
        "reportFilename": "mochawesome",
        "saveHtml": false,
        "saveJson": true,
        "consoleReporter": "spec",
        "useInlineDiffs": false,
        "code": true
      },
      "version": "7.1.3"
    },
    "marge": {
      "options": {
        "charts": true,
        "reportPageTitle": "custom-title",
        "embeddedScreenshots": true,
        "inlineAssets": true,
        "saveAllAttempts": false,
        "overwrite": false,
        "html": false,
        "json": true,
        "reportDir": "cypress\\reports\\html\\.jsons"
      },
      "version": "6.2.0"
    }
  }
}